{"C:\\AscendBoost\\backend\\index.js": {"path":"C:\\AscendBoost\\backend\\index.js","statementMap":{"0":{"start":{"line":1,"column":16},"end":{"line":1,"column":34}},"1":{"start":{"line":2,"column":19},"end":{"line":2,"column":41}},"2":{"start":{"line":3,"column":13},"end":{"line":3,"column":28}},"3":{"start":{"line":4,"column":18},"end":{"line":4,"column":46}},"4":{"start":{"line":5,"column":19},"end":{"line":5,"column":43}},"5":{"start":{"line":6,"column":20},"end":{"line":6,"column":45}},"6":{"start":{"line":7,"column":21},"end":{"line":7,"column":47}},"7":{"start":{"line":8,"column":22},"end":{"line":8,"column":49}},"8":{"start":{"line":9,"column":0},"end":{"line":9,"column":27}},"9":{"start":{"line":11,"column":12},"end":{"line":11,"column":21}},"10":{"start":{"line":14,"column":0},"end":{"line":14,"column":16}},"11":{"start":{"line":15,"column":0},"end":{"line":15,"column":27}},"12":{"start":{"line":18,"column":0},"end":{"line":18,"column":29}},"13":{"start":{"line":19,"column":0},"end":{"line":19,"column":31}},"14":{"start":{"line":20,"column":0},"end":{"line":20,"column":33}},"15":{"start":{"line":21,"column":0},"end":{"line":21,"column":35}},"16":{"start":{"line":24,"column":0},"end":{"line":26,"column":3}},"17":{"start":{"line":25,"column":2},"end":{"line":25,"column":33}},"18":{"start":{"line":29,"column":0},"end":{"line":29,"column":21}}},"fnMap":{"0":{"name":"(anonymous_0)","decl":{"start":{"line":24,"column":22},"end":{"line":24,"column":23}},"loc":{"start":{"line":24,"column":28},"end":{"line":26,"column":1}},"line":24}},"branchMap":{},"s":{"0":4,"1":4,"2":4,"3":4,"4":4,"5":4,"6":4,"7":4,"8":4,"9":4,"10":4,"11":4,"12":4,"13":4,"14":4,"15":4,"16":4,"17":0,"18":4},"f":{"0":0},"b":{},"_coverageSchema":"1a1c01bbd47fc00a2c39e90264f33305004495a9","hash":"2a04f6cf6ea06eb2b3c5c83539ec1ac2231e39fb"}
,"C:\\AscendBoost\\backend\\config\\database.js": {"path":"C:\\AscendBoost\\backend\\config\\database.js","statementMap":{"0":{"start":{"line":1,"column":22},"end":{"line":1,"column":42}},"1":{"start":{"line":2,"column":0},"end":{"line":2,"column":27}},"2":{"start":{"line":4,"column":18},"end":{"line":13,"column":1}},"3":{"start":{"line":15,"column":0},"end":{"line":15,"column":27}}},"fnMap":{},"branchMap":{},"s":{"0":6,"1":6,"2":6,"3":6},"f":{},"b":{},"_coverageSchema":"1a1c01bbd47fc00a2c39e90264f33305004495a9","hash":"168ef8ba19cd5063e9ba782d7928e4b7035a0224"}
,"C:\\AscendBoost\\backend\\middleware\\auth.js": {"path":"C:\\AscendBoost\\backend\\middleware\\auth.js","statementMap":{"0":{"start":{"line":1,"column":12},"end":{"line":1,"column":35}},"1":{"start":{"line":2,"column":0},"end":{"line":2,"column":27}},"2":{"start":{"line":4,"column":21},"end":{"line":15,"column":1}},"3":{"start":{"line":5,"column":16},"end":{"line":5,"column":66}},"4":{"start":{"line":6,"column":2},"end":{"line":6,"column":90}},"5":{"start":{"line":6,"column":14},"end":{"line":6,"column":90}},"6":{"start":{"line":8,"column":2},"end":{"line":14,"column":3}},"7":{"start":{"line":9,"column":20},"end":{"line":9,"column":61}},"8":{"start":{"line":10,"column":4},"end":{"line":10,"column":23}},"9":{"start":{"line":11,"column":4},"end":{"line":11,"column":11}},"10":{"start":{"line":13,"column":4},"end":{"line":13,"column":53}},"11":{"start":{"line":17,"column":18},"end":{"line":22,"column":1}},"12":{"start":{"line":17,"column":29},"end":{"line":22,"column":1}},"13":{"start":{"line":18,"column":2},"end":{"line":20,"column":3}},"14":{"start":{"line":19,"column":4},"end":{"line":19,"column":60}},"15":{"start":{"line":21,"column":2},"end":{"line":21,"column":9}},"16":{"start":{"line":24,"column":0},"end":{"line":24,"column":45}}},"fnMap":{"0":{"name":"(anonymous_0)","decl":{"start":{"line":4,"column":21},"end":{"line":4,"column":22}},"loc":{"start":{"line":4,"column":41},"end":{"line":15,"column":1}},"line":4},"1":{"name":"(anonymous_1)","decl":{"start":{"line":17,"column":18},"end":{"line":17,"column":19}},"loc":{"start":{"line":17,"column":29},"end":{"line":22,"column":1}},"line":17},"2":{"name":"(anonymous_2)","decl":{"start":{"line":17,"column":29},"end":{"line":17,"column":30}},"loc":{"start":{"line":17,"column":49},"end":{"line":22,"column":1}},"line":17}},"branchMap":{"0":{"loc":{"start":{"line":6,"column":2},"end":{"line":6,"column":90}},"type":"if","locations":[{"start":{"line":6,"column":2},"end":{"line":6,"column":90}},{"start":{},"end":{}}],"line":6},"1":{"loc":{"start":{"line":18,"column":2},"end":{"line":20,"column":3}},"type":"if","locations":[{"start":{"line":18,"column":2},"end":{"line":20,"column":3}},{"start":{},"end":{}}],"line":18}},"s":{"0":4,"1":4,"2":4,"3":11,"4":11,"5":0,"6":11,"7":11,"8":11,"9":11,"10":0,"11":4,"12":12,"13":11,"14":0,"15":11,"16":4},"f":{"0":11,"1":12,"2":11},"b":{"0":[0,11],"1":[0,11]},"_coverageSchema":"1a1c01bbd47fc00a2c39e90264f33305004495a9","hash":"db12c005b5303410069db9208bf0058223f04f7c"}
,"C:\\AscendBoost\\backend\\models\\Order.js": {"path":"C:\\AscendBoost\\backend\\models\\Order.js","statementMap":{"0":{"start":{"line":1,"column":22},"end":{"line":1,"column":42}},"1":{"start":{"line":2,"column":18},"end":{"line":2,"column":47}},"2":{"start":{"line":4,"column":14},"end":{"line":61,"column":2}},"3":{"start":{"line":63,"column":0},"end":{"line":63,"column":23}}},"fnMap":{},"branchMap":{},"s":{"0":5,"1":5,"2":5,"3":5},"f":{},"b":{},"_coverageSchema":"1a1c01bbd47fc00a2c39e90264f33305004495a9","hash":"775099b8ec0864f354c25e27bb30c3a974a8e6cc"}
,"C:\\AscendBoost\\backend\\models\\User.js": {"path":"C:\\AscendBoost\\backend\\models\\User.js","statementMap":{"0":{"start":{"line":1,"column":22},"end":{"line":1,"column":42}},"1":{"start":{"line":2,"column":18},"end":{"line":2,"column":47}},"2":{"start":{"line":3,"column":15},"end":{"line":3,"column":32}},"3":{"start":{"line":5,"column":13},"end":{"line":59,"column":2}},"4":{"start":{"line":53,"column":6},"end":{"line":56,"column":7}},"5":{"start":{"line":54,"column":21},"end":{"line":54,"column":45}},"6":{"start":{"line":55,"column":8},"end":{"line":55,"column":63}},"7":{"start":{"line":61,"column":0},"end":{"line":61,"column":22}}},"fnMap":{"0":{"name":"(anonymous_0)","decl":{"start":{"line":52,"column":16},"end":{"line":52,"column":17}},"loc":{"start":{"line":52,"column":32},"end":{"line":57,"column":5}},"line":52}},"branchMap":{"0":{"loc":{"start":{"line":53,"column":6},"end":{"line":56,"column":7}},"type":"if","locations":[{"start":{"line":53,"column":6},"end":{"line":56,"column":7}},{"start":{},"end":{}}],"line":53}},"s":{"0":6,"1":6,"2":6,"3":6,"4":19,"5":19,"6":19,"7":6},"f":{"0":19},"b":{"0":[19,0]},"_coverageSchema":"1a1c01bbd47fc00a2c39e90264f33305004495a9","hash":"a7c163dae59b25ce55400bfab9c1eca6ef480a78"}
,"C:\\AscendBoost\\backend\\routes\\admin.js": {"path":"C:\\AscendBoost\\backend\\routes\\admin.js","statementMap":{"0":{"start":{"line":1,"column":16},"end":{"line":1,"column":34}},"1":{"start":{"line":2,"column":36},"end":{"line":2,"column":65}},"2":{"start":{"line":3,"column":13},"end":{"line":3,"column":38}},"3":{"start":{"line":4,"column":14},"end":{"line":4,"column":40}},"4":{"start":{"line":6,"column":15},"end":{"line":6,"column":31}},"5":{"start":{"line":9,"column":0},"end":{"line":9,"column":25}},"6":{"start":{"line":10,"column":0},"end":{"line":10,"column":33}},"7":{"start":{"line":13,"column":0},"end":{"line":16,"column":3}},"8":{"start":{"line":14,"column":17},"end":{"line":14,"column":38}},"9":{"start":{"line":15,"column":2},"end":{"line":15,"column":19}},"10":{"start":{"line":19,"column":0},"end":{"line":22,"column":3}},"11":{"start":{"line":20,"column":18},"end":{"line":20,"column":67}},"12":{"start":{"line":21,"column":2},"end":{"line":21,"column":20}},"13":{"start":{"line":25,"column":0},"end":{"line":28,"column":3}},"14":{"start":{"line":26,"column":16},"end":{"line":26,"column":36}},"15":{"start":{"line":27,"column":2},"end":{"line":27,"column":18}},"16":{"start":{"line":31,"column":0},"end":{"line":34,"column":3}},"17":{"start":{"line":32,"column":17},"end":{"line":32,"column":65}},"18":{"start":{"line":33,"column":2},"end":{"line":33,"column":19}},"19":{"start":{"line":37,"column":0},"end":{"line":40,"column":3}},"20":{"start":{"line":38,"column":16},"end":{"line":38,"column":44}},"21":{"start":{"line":39,"column":2},"end":{"line":39,"column":30}},"22":{"start":{"line":43,"column":0},"end":{"line":46,"column":3}},"23":{"start":{"line":44,"column":15},"end":{"line":44,"column":42}},"24":{"start":{"line":45,"column":2},"end":{"line":45,"column":29}},"25":{"start":{"line":49,"column":0},"end":{"line":54,"column":3}},"26":{"start":{"line":50,"column":16},"end":{"line":50,"column":51}},"27":{"start":{"line":51,"column":2},"end":{"line":51,"column":72}},"28":{"start":{"line":51,"column":14},"end":{"line":51,"column":72}},"29":{"start":{"line":52,"column":2},"end":{"line":52,"column":31}},"30":{"start":{"line":53,"column":2},"end":{"line":53,"column":18}},"31":{"start":{"line":56,"column":0},"end":{"line":61,"column":3}},"32":{"start":{"line":57,"column":15},"end":{"line":57,"column":49}},"33":{"start":{"line":58,"column":2},"end":{"line":58,"column":70}},"34":{"start":{"line":58,"column":13},"end":{"line":58,"column":70}},"35":{"start":{"line":59,"column":2},"end":{"line":59,"column":30}},"36":{"start":{"line":60,"column":2},"end":{"line":60,"column":17}},"37":{"start":{"line":64,"column":0},"end":{"line":70,"column":3}},"38":{"start":{"line":65,"column":16},"end":{"line":65,"column":51}},"39":{"start":{"line":66,"column":2},"end":{"line":66,"column":72}},"40":{"start":{"line":66,"column":14},"end":{"line":66,"column":72}},"41":{"start":{"line":67,"column":2},"end":{"line":67,"column":25}},"42":{"start":{"line":68,"column":2},"end":{"line":68,"column":21}},"43":{"start":{"line":69,"column":2},"end":{"line":69,"column":18}},"44":{"start":{"line":73,"column":0},"end":{"line":78,"column":3}},"45":{"start":{"line":74,"column":16},"end":{"line":74,"column":51}},"46":{"start":{"line":75,"column":2},"end":{"line":75,"column":72}},"47":{"start":{"line":75,"column":14},"end":{"line":75,"column":72}},"48":{"start":{"line":76,"column":2},"end":{"line":76,"column":24}},"49":{"start":{"line":77,"column":2},"end":{"line":77,"column":41}},"50":{"start":{"line":81,"column":0},"end":{"line":86,"column":3}},"51":{"start":{"line":82,"column":15},"end":{"line":82,"column":49}},"52":{"start":{"line":83,"column":2},"end":{"line":83,"column":70}},"53":{"start":{"line":83,"column":13},"end":{"line":83,"column":70}},"54":{"start":{"line":84,"column":2},"end":{"line":84,"column":23}},"55":{"start":{"line":85,"column":2},"end":{"line":85,"column":40}},"56":{"start":{"line":88,"column":0},"end":{"line":88,"column":24}}},"fnMap":{"0":{"name":"(anonymous_0)","decl":{"start":{"line":13,"column":22},"end":{"line":13,"column":23}},"loc":{"start":{"line":13,"column":42},"end":{"line":16,"column":1}},"line":13},"1":{"name":"(anonymous_1)","decl":{"start":{"line":19,"column":23},"end":{"line":19,"column":24}},"loc":{"start":{"line":19,"column":43},"end":{"line":22,"column":1}},"line":19},"2":{"name":"(anonymous_2)","decl":{"start":{"line":25,"column":21},"end":{"line":25,"column":22}},"loc":{"start":{"line":25,"column":41},"end":{"line":28,"column":1}},"line":25},"3":{"name":"(anonymous_3)","decl":{"start":{"line":31,"column":22},"end":{"line":31,"column":23}},"loc":{"start":{"line":31,"column":42},"end":{"line":34,"column":1}},"line":31},"4":{"name":"(anonymous_4)","decl":{"start":{"line":37,"column":23},"end":{"line":37,"column":24}},"loc":{"start":{"line":37,"column":43},"end":{"line":40,"column":1}},"line":37},"5":{"name":"(anonymous_5)","decl":{"start":{"line":43,"column":22},"end":{"line":43,"column":23}},"loc":{"start":{"line":43,"column":42},"end":{"line":46,"column":1}},"line":43},"6":{"name":"(anonymous_6)","decl":{"start":{"line":49,"column":26},"end":{"line":49,"column":27}},"loc":{"start":{"line":49,"column":46},"end":{"line":54,"column":1}},"line":49},"7":{"name":"(anonymous_7)","decl":{"start":{"line":56,"column":25},"end":{"line":56,"column":26}},"loc":{"start":{"line":56,"column":45},"end":{"line":61,"column":1}},"line":56},"8":{"name":"(anonymous_8)","decl":{"start":{"line":64,"column":41},"end":{"line":64,"column":42}},"loc":{"start":{"line":64,"column":61},"end":{"line":70,"column":1}},"line":64},"9":{"name":"(anonymous_9)","decl":{"start":{"line":73,"column":29},"end":{"line":73,"column":30}},"loc":{"start":{"line":73,"column":49},"end":{"line":78,"column":1}},"line":73},"10":{"name":"(anonymous_10)","decl":{"start":{"line":81,"column":28},"end":{"line":81,"column":29}},"loc":{"start":{"line":81,"column":48},"end":{"line":86,"column":1}},"line":81}},"branchMap":{"0":{"loc":{"start":{"line":51,"column":2},"end":{"line":51,"column":72}},"type":"if","locations":[{"start":{"line":51,"column":2},"end":{"line":51,"column":72}},{"start":{},"end":{}}],"line":51},"1":{"loc":{"start":{"line":58,"column":2},"end":{"line":58,"column":70}},"type":"if","locations":[{"start":{"line":58,"column":2},"end":{"line":58,"column":70}},{"start":{},"end":{}}],"line":58},"2":{"loc":{"start":{"line":66,"column":2},"end":{"line":66,"column":72}},"type":"if","locations":[{"start":{"line":66,"column":2},"end":{"line":66,"column":72}},{"start":{},"end":{}}],"line":66},"3":{"loc":{"start":{"line":75,"column":2},"end":{"line":75,"column":72}},"type":"if","locations":[{"start":{"line":75,"column":2},"end":{"line":75,"column":72}},{"start":{},"end":{}}],"line":75},"4":{"loc":{"start":{"line":83,"column":2},"end":{"line":83,"column":70}},"type":"if","locations":[{"start":{"line":83,"column":2},"end":{"line":83,"column":70}},{"start":{},"end":{}}],"line":83}},"s":{"0":4,"1":4,"2":4,"3":4,"4":4,"5":4,"6":4,"7":4,"8":1,"9":1,"10":4,"11":0,"12":0,"13":4,"14":1,"15":1,"16":4,"17":0,"18":0,"19":4,"20":0,"21":0,"22":4,"23":1,"24":1,"25":4,"26":0,"27":0,"28":0,"29":0,"30":0,"31":4,"32":1,"33":1,"34":0,"35":1,"36":1,"37":4,"38":0,"39":0,"40":0,"41":0,"42":0,"43":0,"44":4,"45":0,"46":0,"47":0,"48":0,"49":0,"50":4,"51":1,"52":1,"53":0,"54":1,"55":1,"56":4},"f":{"0":1,"1":0,"2":1,"3":0,"4":0,"5":1,"6":0,"7":1,"8":0,"9":0,"10":1},"b":{"0":[0,0],"1":[0,1],"2":[0,0],"3":[0,0],"4":[0,1]},"_coverageSchema":"1a1c01bbd47fc00a2c39e90264f33305004495a9","hash":"33bf5d81159cf0d3ee1402187332ec292d6dac9a"}
,"C:\\AscendBoost\\backend\\routes\\auth.js": {"path":"C:\\AscendBoost\\backend\\routes\\auth.js","statementMap":{"0":{"start":{"line":1,"column":16},"end":{"line":1,"column":34}},"1":{"start":{"line":2,"column":12},"end":{"line":2,"column":35}},"2":{"start":{"line":3,"column":15},"end":{"line":3,"column":34}},"3":{"start":{"line":4,"column":13},"end":{"line":4,"column":38}},"4":{"start":{"line":5,"column":0},"end":{"line":5,"column":27}},"5":{"start":{"line":7,"column":15},"end":{"line":7,"column":31}},"6":{"start":{"line":10,"column":0},"end":{"line":18,"column":3}},"7":{"start":{"line":11,"column":2},"end":{"line":17,"column":3}},"8":{"start":{"line":12,"column":59},"end":{"line":12,"column":67}},"9":{"start":{"line":13,"column":17},"end":{"line":13,"column":82}},"10":{"start":{"line":14,"column":4},"end":{"line":14,"column":73}},"11":{"start":{"line":16,"column":4},"end":{"line":16,"column":86}},"12":{"start":{"line":21,"column":0},"end":{"line":35,"column":3}},"13":{"start":{"line":22,"column":2},"end":{"line":34,"column":3}},"14":{"start":{"line":23,"column":32},"end":{"line":23,"column":40}},"15":{"start":{"line":24,"column":17},"end":{"line":24,"column":57}},"16":{"start":{"line":25,"column":4},"end":{"line":25,"column":72}},"17":{"start":{"line":25,"column":15},"end":{"line":25,"column":72}},"18":{"start":{"line":27,"column":20},"end":{"line":27,"column":65}},"19":{"start":{"line":28,"column":4},"end":{"line":28,"column":80}},"20":{"start":{"line":28,"column":18},"end":{"line":28,"column":80}},"21":{"start":{"line":30,"column":18},"end":{"line":30,"column":105}},"22":{"start":{"line":31,"column":4},"end":{"line":31,"column":24}},"23":{"start":{"line":33,"column":4},"end":{"line":33,"column":80}},"24":{"start":{"line":37,"column":0},"end":{"line":37,"column":24}}},"fnMap":{"0":{"name":"(anonymous_0)","decl":{"start":{"line":10,"column":25},"end":{"line":10,"column":26}},"loc":{"start":{"line":10,"column":45},"end":{"line":18,"column":1}},"line":10},"1":{"name":"(anonymous_1)","decl":{"start":{"line":21,"column":22},"end":{"line":21,"column":23}},"loc":{"start":{"line":21,"column":42},"end":{"line":35,"column":1}},"line":21}},"branchMap":{"0":{"loc":{"start":{"line":25,"column":4},"end":{"line":25,"column":72}},"type":"if","locations":[{"start":{"line":25,"column":4},"end":{"line":25,"column":72}},{"start":{},"end":{}}],"line":25},"1":{"loc":{"start":{"line":28,"column":4},"end":{"line":28,"column":80}},"type":"if","locations":[{"start":{"line":28,"column":4},"end":{"line":28,"column":80}},{"start":{},"end":{}}],"line":28}},"s":{"0":4,"1":4,"2":4,"3":4,"4":4,"5":4,"6":4,"7":1,"8":1,"9":1,"10":1,"11":0,"12":4,"13":5,"14":5,"15":5,"16":5,"17":0,"18":5,"19":5,"20":1,"21":4,"22":4,"23":0,"24":4},"f":{"0":1,"1":5},"b":{"0":[0,5],"1":[1,4]},"_coverageSchema":"1a1c01bbd47fc00a2c39e90264f33305004495a9","hash":"b6205b1f55c0ce6ab28457b361537be2a7617498"}
,"C:\\AscendBoost\\backend\\routes\\booster.js": {"path":"C:\\AscendBoost\\backend\\routes\\booster.js","statementMap":{"0":{"start":{"line":1,"column":16},"end":{"line":1,"column":34}},"1":{"start":{"line":2,"column":36},"end":{"line":2,"column":65}},"2":{"start":{"line":3,"column":14},"end":{"line":3,"column":40}},"3":{"start":{"line":5,"column":15},"end":{"line":5,"column":31}},"4":{"start":{"line":8,"column":0},"end":{"line":8,"column":25}},"5":{"start":{"line":9,"column":0},"end":{"line":9,"column":35}},"6":{"start":{"line":12,"column":0},"end":{"line":15,"column":3}},"7":{"start":{"line":13,"column":17},"end":{"line":13,"column":72}},"8":{"start":{"line":14,"column":2},"end":{"line":14,"column":19}},"9":{"start":{"line":18,"column":0},"end":{"line":30,"column":3}},"10":{"start":{"line":19,"column":16},"end":{"line":19,"column":51}},"11":{"start":{"line":20,"column":2},"end":{"line":20,"column":72}},"12":{"start":{"line":20,"column":14},"end":{"line":20,"column":72}},"13":{"start":{"line":22,"column":2},"end":{"line":24,"column":3}},"14":{"start":{"line":23,"column":4},"end":{"line":23,"column":69}},"15":{"start":{"line":26,"column":2},"end":{"line":26,"column":32}},"16":{"start":{"line":27,"column":2},"end":{"line":27,"column":31}},"17":{"start":{"line":28,"column":2},"end":{"line":28,"column":21}},"18":{"start":{"line":29,"column":2},"end":{"line":29,"column":18}},"19":{"start":{"line":33,"column":0},"end":{"line":36,"column":3}},"20":{"start":{"line":34,"column":17},"end":{"line":34,"column":75}},"21":{"start":{"line":35,"column":2},"end":{"line":35,"column":19}},"22":{"start":{"line":39,"column":0},"end":{"line":42,"column":3}},"23":{"start":{"line":41,"column":2},"end":{"line":41,"column":58}},"24":{"start":{"line":45,"column":0},"end":{"line":49,"column":3}},"25":{"start":{"line":46,"column":15},"end":{"line":46,"column":47}},"26":{"start":{"line":47,"column":2},"end":{"line":47,"column":30}},"27":{"start":{"line":48,"column":2},"end":{"line":48,"column":17}},"28":{"start":{"line":51,"column":0},"end":{"line":51,"column":24}}},"fnMap":{"0":{"name":"(anonymous_0)","decl":{"start":{"line":12,"column":22},"end":{"line":12,"column":23}},"loc":{"start":{"line":12,"column":42},"end":{"line":15,"column":1}},"line":12},"1":{"name":"(anonymous_1)","decl":{"start":{"line":18,"column":32},"end":{"line":18,"column":33}},"loc":{"start":{"line":18,"column":52},"end":{"line":30,"column":1}},"line":18},"2":{"name":"(anonymous_2)","decl":{"start":{"line":33,"column":30},"end":{"line":33,"column":31}},"loc":{"start":{"line":33,"column":50},"end":{"line":36,"column":1}},"line":33},"3":{"name":"(anonymous_3)","decl":{"start":{"line":39,"column":29},"end":{"line":39,"column":30}},"loc":{"start":{"line":39,"column":43},"end":{"line":42,"column":1}},"line":39},"4":{"name":"(anonymous_4)","decl":{"start":{"line":45,"column":23},"end":{"line":45,"column":24}},"loc":{"start":{"line":45,"column":43},"end":{"line":49,"column":1}},"line":45}},"branchMap":{"0":{"loc":{"start":{"line":20,"column":2},"end":{"line":20,"column":72}},"type":"if","locations":[{"start":{"line":20,"column":2},"end":{"line":20,"column":72}},{"start":{},"end":{}}],"line":20},"1":{"loc":{"start":{"line":22,"column":2},"end":{"line":24,"column":3}},"type":"if","locations":[{"start":{"line":22,"column":2},"end":{"line":24,"column":3}},{"start":{},"end":{}}],"line":22}},"s":{"0":4,"1":4,"2":4,"3":4,"4":4,"5":4,"6":4,"7":1,"8":1,"9":4,"10":1,"11":1,"12":0,"13":1,"14":0,"15":1,"16":1,"17":1,"18":1,"19":4,"20":1,"21":1,"22":4,"23":0,"24":4,"25":0,"26":0,"27":0,"28":4},"f":{"0":1,"1":1,"2":1,"3":0,"4":0},"b":{"0":[0,1],"1":[0,1]},"_coverageSchema":"1a1c01bbd47fc00a2c39e90264f33305004495a9","hash":"43a8626f2051d1aa68d0940da0391389391432f2"}
,"C:\\AscendBoost\\backend\\routes\\client.js": {"path":"C:\\AscendBoost\\backend\\routes\\client.js","statementMap":{"0":{"start":{"line":1,"column":16},"end":{"line":1,"column":34}},"1":{"start":{"line":2,"column":36},"end":{"line":2,"column":65}},"2":{"start":{"line":3,"column":14},"end":{"line":3,"column":40}},"3":{"start":{"line":5,"column":15},"end":{"line":5,"column":31}},"4":{"start":{"line":8,"column":0},"end":{"line":8,"column":25}},"5":{"start":{"line":9,"column":0},"end":{"line":9,"column":34}},"6":{"start":{"line":12,"column":0},"end":{"line":19,"column":3}},"7":{"start":{"line":13,"column":2},"end":{"line":18,"column":3}},"8":{"start":{"line":14,"column":18},"end":{"line":14,"column":74}},"9":{"start":{"line":15,"column":4},"end":{"line":15,"column":32}},"10":{"start":{"line":17,"column":4},"end":{"line":17,"column":84}},"11":{"start":{"line":22,"column":0},"end":{"line":30,"column":3}},"12":{"start":{"line":23,"column":16},"end":{"line":23,"column":51}},"13":{"start":{"line":24,"column":2},"end":{"line":24,"column":72}},"14":{"start":{"line":24,"column":14},"end":{"line":24,"column":72}},"15":{"start":{"line":25,"column":2},"end":{"line":25,"column":92}},"16":{"start":{"line":25,"column":36},"end":{"line":25,"column":92}},"17":{"start":{"line":27,"column":2},"end":{"line":27,"column":25}},"18":{"start":{"line":28,"column":2},"end":{"line":28,"column":21}},"19":{"start":{"line":29,"column":2},"end":{"line":29,"column":18}},"20":{"start":{"line":33,"column":0},"end":{"line":36,"column":3}},"21":{"start":{"line":34,"column":17},"end":{"line":34,"column":72}},"22":{"start":{"line":35,"column":2},"end":{"line":35,"column":19}},"23":{"start":{"line":39,"column":0},"end":{"line":48,"column":3}},"24":{"start":{"line":40,"column":16},"end":{"line":40,"column":51}},"25":{"start":{"line":41,"column":2},"end":{"line":41,"column":72}},"26":{"start":{"line":41,"column":14},"end":{"line":41,"column":72}},"27":{"start":{"line":42,"column":2},"end":{"line":42,"column":92}},"28":{"start":{"line":42,"column":36},"end":{"line":42,"column":92}},"29":{"start":{"line":45,"column":2},"end":{"line":45,"column":37}},"30":{"start":{"line":46,"column":2},"end":{"line":46,"column":21}},"31":{"start":{"line":47,"column":2},"end":{"line":47,"column":46}},"32":{"start":{"line":51,"column":0},"end":{"line":54,"column":3}},"33":{"start":{"line":53,"column":2},"end":{"line":53,"column":58}},"34":{"start":{"line":57,"column":0},"end":{"line":61,"column":3}},"35":{"start":{"line":58,"column":15},"end":{"line":58,"column":47}},"36":{"start":{"line":59,"column":2},"end":{"line":59,"column":30}},"37":{"start":{"line":60,"column":2},"end":{"line":60,"column":17}},"38":{"start":{"line":63,"column":0},"end":{"line":63,"column":24}}},"fnMap":{"0":{"name":"(anonymous_0)","decl":{"start":{"line":12,"column":23},"end":{"line":12,"column":24}},"loc":{"start":{"line":12,"column":43},"end":{"line":19,"column":1}},"line":12},"1":{"name":"(anonymous_1)","decl":{"start":{"line":22,"column":42},"end":{"line":22,"column":43}},"loc":{"start":{"line":22,"column":62},"end":{"line":30,"column":1}},"line":22},"2":{"name":"(anonymous_2)","decl":{"start":{"line":33,"column":30},"end":{"line":33,"column":31}},"loc":{"start":{"line":33,"column":50},"end":{"line":36,"column":1}},"line":33},"3":{"name":"(anonymous_3)","decl":{"start":{"line":39,"column":36},"end":{"line":39,"column":37}},"loc":{"start":{"line":39,"column":56},"end":{"line":48,"column":1}},"line":39},"4":{"name":"(anonymous_4)","decl":{"start":{"line":51,"column":40},"end":{"line":51,"column":41}},"loc":{"start":{"line":51,"column":60},"end":{"line":54,"column":1}},"line":51},"5":{"name":"(anonymous_5)","decl":{"start":{"line":57,"column":23},"end":{"line":57,"column":24}},"loc":{"start":{"line":57,"column":43},"end":{"line":61,"column":1}},"line":57}},"branchMap":{"0":{"loc":{"start":{"line":24,"column":2},"end":{"line":24,"column":72}},"type":"if","locations":[{"start":{"line":24,"column":2},"end":{"line":24,"column":72}},{"start":{},"end":{}}],"line":24},"1":{"loc":{"start":{"line":25,"column":2},"end":{"line":25,"column":92}},"type":"if","locations":[{"start":{"line":25,"column":2},"end":{"line":25,"column":92}},{"start":{},"end":{}}],"line":25},"2":{"loc":{"start":{"line":41,"column":2},"end":{"line":41,"column":72}},"type":"if","locations":[{"start":{"line":41,"column":2},"end":{"line":41,"column":72}},{"start":{},"end":{}}],"line":41},"3":{"loc":{"start":{"line":42,"column":2},"end":{"line":42,"column":92}},"type":"if","locations":[{"start":{"line":42,"column":2},"end":{"line":42,"column":92}},{"start":{},"end":{}}],"line":42}},"s":{"0":4,"1":4,"2":4,"3":4,"4":4,"5":4,"6":4,"7":1,"8":1,"9":1,"10":0,"11":4,"12":1,"13":1,"14":0,"15":1,"16":0,"17":1,"18":1,"19":1,"20":4,"21":1,"22":1,"23":4,"24":0,"25":0,"26":0,"27":0,"28":0,"29":0,"30":0,"31":0,"32":4,"33":0,"34":4,"35":0,"36":0,"37":0,"38":4},"f":{"0":1,"1":1,"2":1,"3":0,"4":0,"5":0},"b":{"0":[0,1],"1":[0,1],"2":[0,0],"3":[0,0]},"_coverageSchema":"1a1c01bbd47fc00a2c39e90264f33305004495a9","hash":"fa6b14505108ca1fade1c4b96ef4c0365544bcdf"}
}
