TN:
SF:index.js
FN:24,(anonymous_0)
FNF:1
FNH:0
FNDA:0,(anonymous_0)
DA:1,4
DA:2,4
DA:3,4
DA:4,4
DA:5,4
DA:6,4
DA:7,4
DA:8,4
DA:9,4
DA:11,4
DA:14,4
DA:15,4
DA:18,4
DA:19,4
DA:20,4
DA:21,4
DA:24,4
DA:25,0
DA:29,4
LF:19
LH:18
BRF:0
BRH:0
end_of_record
TN:
SF:config\database.js
FNF:0
FNH:0
DA:1,6
DA:2,6
DA:4,6
DA:15,6
LF:4
LH:4
BRF:0
BRH:0
end_of_record
TN:
SF:middleware\auth.js
FN:4,(anonymous_0)
FN:17,(anonymous_1)
FN:17,(anonymous_2)
FNF:3
FNH:3
FNDA:11,(anonymous_0)
FNDA:12,(anonymous_1)
FNDA:11,(anonymous_2)
DA:1,4
DA:2,4
DA:4,4
DA:5,11
DA:6,11
DA:8,11
DA:9,11
DA:10,11
DA:11,11
DA:13,0
DA:17,12
DA:18,11
DA:19,0
DA:21,11
DA:24,4
LF:15
LH:13
BRDA:6,0,0,0
BRDA:6,0,1,11
BRDA:18,1,0,0
BRDA:18,1,1,11
BRF:4
BRH:2
end_of_record
TN:
SF:models\Order.js
FNF:0
FNH:0
DA:1,5
DA:2,5
DA:4,5
DA:63,5
LF:4
LH:4
BRF:0
BRH:0
end_of_record
TN:
SF:models\User.js
FN:52,(anonymous_0)
FNF:1
FNH:1
FNDA:19,(anonymous_0)
DA:1,6
DA:2,6
DA:3,6
DA:5,6
DA:53,19
DA:54,19
DA:55,19
DA:61,6
LF:8
LH:8
BRDA:53,0,0,19
BRDA:53,0,1,0
BRF:2
BRH:1
end_of_record
TN:
SF:routes\admin.js
FN:13,(anonymous_0)
FN:19,(anonymous_1)
FN:25,(anonymous_2)
FN:31,(anonymous_3)
FN:37,(anonymous_4)
FN:43,(anonymous_5)
FN:49,(anonymous_6)
FN:56,(anonymous_7)
FN:64,(anonymous_8)
FN:73,(anonymous_9)
FN:81,(anonymous_10)
FNF:11
FNH:5
FNDA:1,(anonymous_0)
FNDA:0,(anonymous_1)
FNDA:1,(anonymous_2)
FNDA:0,(anonymous_3)
FNDA:0,(anonymous_4)
FNDA:1,(anonymous_5)
FNDA:0,(anonymous_6)
FNDA:1,(anonymous_7)
FNDA:0,(anonymous_8)
FNDA:0,(anonymous_9)
FNDA:1,(anonymous_10)
DA:1,4
DA:2,4
DA:3,4
DA:4,4
DA:6,4
DA:9,4
DA:10,4
DA:13,4
DA:14,1
DA:15,1
DA:19,4
DA:20,0
DA:21,0
DA:25,4
DA:26,1
DA:27,1
DA:31,4
DA:32,0
DA:33,0
DA:37,4
DA:38,0
DA:39,0
DA:43,4
DA:44,1
DA:45,1
DA:49,4
DA:50,0
DA:51,0
DA:52,0
DA:53,0
DA:56,4
DA:57,1
DA:58,1
DA:59,1
DA:60,1
DA:64,4
DA:65,0
DA:66,0
DA:67,0
DA:68,0
DA:69,0
DA:73,4
DA:74,0
DA:75,0
DA:76,0
DA:77,0
DA:81,4
DA:82,1
DA:83,1
DA:84,1
DA:85,1
DA:88,4
LF:52
LH:33
BRDA:51,0,0,0
BRDA:51,0,1,0
BRDA:58,1,0,0
BRDA:58,1,1,1
BRDA:66,2,0,0
BRDA:66,2,1,0
BRDA:75,3,0,0
BRDA:75,3,1,0
BRDA:83,4,0,0
BRDA:83,4,1,1
BRF:10
BRH:2
end_of_record
TN:
SF:routes\auth.js
FN:10,(anonymous_0)
FN:21,(anonymous_1)
FNF:2
FNH:2
FNDA:1,(anonymous_0)
FNDA:5,(anonymous_1)
DA:1,4
DA:2,4
DA:3,4
DA:4,4
DA:5,4
DA:7,4
DA:10,4
DA:11,1
DA:12,1
DA:13,1
DA:14,1
DA:16,0
DA:21,4
DA:22,5
DA:23,5
DA:24,5
DA:25,5
DA:27,5
DA:28,5
DA:30,4
DA:31,4
DA:33,0
DA:37,4
LF:23
LH:21
BRDA:25,0,0,0
BRDA:25,0,1,5
BRDA:28,1,0,1
BRDA:28,1,1,4
BRF:4
BRH:3
end_of_record
TN:
SF:routes\booster.js
FN:12,(anonymous_0)
FN:18,(anonymous_1)
FN:33,(anonymous_2)
FN:39,(anonymous_3)
FN:45,(anonymous_4)
FNF:5
FNH:3
FNDA:1,(anonymous_0)
FNDA:1,(anonymous_1)
FNDA:1,(anonymous_2)
FNDA:0,(anonymous_3)
FNDA:0,(anonymous_4)
DA:1,4
DA:2,4
DA:3,4
DA:5,4
DA:8,4
DA:9,4
DA:12,4
DA:13,1
DA:14,1
DA:18,4
DA:19,1
DA:20,1
DA:22,1
DA:23,0
DA:26,1
DA:27,1
DA:28,1
DA:29,1
DA:33,4
DA:34,1
DA:35,1
DA:39,4
DA:41,0
DA:45,4
DA:46,0
DA:47,0
DA:48,0
DA:51,4
LF:28
LH:23
BRDA:20,0,0,0
BRDA:20,0,1,1
BRDA:22,1,0,0
BRDA:22,1,1,1
BRF:4
BRH:2
end_of_record
TN:
SF:routes\client.js
FN:12,(anonymous_0)
FN:22,(anonymous_1)
FN:33,(anonymous_2)
FN:39,(anonymous_3)
FN:51,(anonymous_4)
FN:57,(anonymous_5)
FNF:6
FNH:3
FNDA:1,(anonymous_0)
FNDA:1,(anonymous_1)
FNDA:1,(anonymous_2)
FNDA:0,(anonymous_3)
FNDA:0,(anonymous_4)
FNDA:0,(anonymous_5)
DA:1,4
DA:2,4
DA:3,4
DA:5,4
DA:8,4
DA:9,4
DA:12,4
DA:13,1
DA:14,1
DA:15,1
DA:17,0
DA:22,4
DA:23,1
DA:24,1
DA:25,1
DA:27,1
DA:28,1
DA:29,1
DA:33,4
DA:34,1
DA:35,1
DA:39,4
DA:40,0
DA:41,0
DA:42,0
DA:45,0
DA:46,0
DA:47,0
DA:51,4
DA:53,0
DA:57,4
DA:58,0
DA:59,0
DA:60,0
DA:63,4
LF:35
LH:24
BRDA:24,0,0,0
BRDA:24,0,1,1
BRDA:25,1,0,0
BRDA:25,1,1,1
BRDA:41,2,0,0
BRDA:41,2,1,0
BRDA:42,3,0,0
BRDA:42,3,1,0
BRF:8
BRH:2
end_of_record
